2022-08-03 22:31:30 | [INFO]    | Discordia 2.9.2
2022-08-03 22:31:30 | [INFO]    | Connecting to Discord...
2022-08-03 22:31:30 | [ERROR]   | 401 - Unauthorized : GET https://discord.com/api/v7/users/@me
2022-08-03 22:31:30 | [ERROR]   | Could not authenticate, check token: HTTP Error 0 : 401: Unauthorized
2022-08-03 22:32:57 | [INFO]    | Discordia 2.9.2
2022-08-03 22:32:57 | [INFO]    | Connecting to Discord...
2022-08-03 22:32:57 | [ERROR]   | 401 - Unauthorized : GET https://discord.com/api/v7/users/@me
2022-08-03 22:32:57 | [ERROR]   | Could not authenticate, check token: HTTP Error 0 : 401: Unauthorized
2022-08-03 22:33:17 | [INFO]    | Discordia 2.9.2
2022-08-03 22:33:17 | [INFO]    | Connecting to Discord...
2022-08-03 22:33:17 | [ERROR]   | 401 - Unauthorized : GET https://discord.com/api/v7/users/@me
2022-08-03 22:33:17 | [ERROR]   | Could not authenticate, check token: HTTP Error 0 : 401: Unauthorized
2022-08-03 22:33:49 | [INFO]    | Discordia 2.9.2
2022-08-03 22:33:49 | [INFO]    | Connecting to Discord...
2022-08-03 22:33:49 | [ERROR]   | 401 - Unauthorized : GET https://discord.com/api/v7/users/@me
2022-08-03 22:33:49 | [ERROR]   | Could not authenticate, check token: HTTP Error 0 : 401: Unauthorized
2022-08-03 22:34:53 | [INFO]    | Discordia 2.9.2
2022-08-03 22:34:53 | [INFO]    | Connecting to Discord...
2022-08-03 22:34:53 | [INFO]    | Authenticated as Ascended Guardian#6097
2022-08-03 22:34:54 | [INFO]    | Launching shard 0 (1 out of 1)...
2022-08-03 22:34:54 | [INFO]    | Shard 0 : Connected to wss://gateway.discord.gg
2022-08-03 22:34:54 | [INFO]    | Shard 0 : Received HELLO
2022-08-03 22:34:54 | [INFO]    | Shard 0 : Received READY
2022-08-03 22:35:33 | [INFO]    | Discordia 2.9.2
2022-08-03 22:35:33 | [INFO]    | Connecting to Discord...
2022-08-03 22:35:33 | [INFO]    | Authenticated as Ascended Guardian#6097
2022-08-03 22:35:33 | [INFO]    | Launching shard 0 (1 out of 1)...
2022-08-03 22:35:33 | [INFO]    | Shard 0 : Connected to wss://gateway.discord.gg
2022-08-03 22:35:33 | [INFO]    | Shard 0 : Received HELLO
2022-08-03 22:35:34 | [INFO]    | Shard 0 : Received READY
